<?xml version="1.0" encoding="UTF-8"?>
<!-- Generated by org.testng.reporters.JUnitReportReporter -->
<testsuite hostname="ronkiron-PC" name="com.crm.testoscripts.AccountsTabTest" tests="1" failures="0" timestamp="1 Jul 2015 11:17:42 GMT" time="27.461" errors="0">
  <testcase name="accountsTabTest" time="27.461" classname="com.crm.testoscripts.AccountsTabTest"/>
</testsuite> <!-- com.crm.testoscripts.AccountsTabTest -->
