<?xml version="1.0" encoding="UTF-8"?>
<!-- Generated by org.testng.reporters.JUnitReportReporter -->
<testsuite hostname="ronkiron-PC" name="com.auro.testoscripts.Login" tests="1" failures="0" timestamp="25 Jun 2015 19:23:06 GMT" time="24.972" errors="0">
  <testcase name="login" time="24.972" classname="com.auro.testoscripts.Login"/>
</testsuite> <!-- com.auro.testoscripts.Login -->
