<?xml version="1.0" encoding="UTF-8"?>
<!-- Generated by org.testng.reporters.JUnitReportReporter -->
<testsuite hostname="ronkiron-PC" name="com.crm.testoscripts.Login" tests="1" failures="0" timestamp="29 Jun 2015 05:00:07 GMT" time="25.949" errors="0">
  <testcase name="login" time="25.949" classname="com.crm.testoscripts.Login"/>
</testsuite> <!-- com.crm.testoscripts.Login -->
