<?xml version="1.0" encoding="UTF-8"?>
<!-- Generated by org.testng.reporters.JUnitReportReporter -->
<testsuite hostname="ronkiron-PC" name="com.auro.reusableMethods.InitiateBrowser" tests="1" failures="0" timestamp="25 Jun 2015 16:52:42 GMT" time="22.235" errors="0">
  <testcase name="invokeBrowser" time="22.235" classname="com.auro.reusableMethods.InitiateBrowser"/>
</testsuite> <!-- com.auro.reusableMethods.InitiateBrowser -->
